<?xml version="1.0" encoding="UTF-8"?>
<!-- Generated by org.testng.reporters.JUnitReportReporter -->
<<<<<<< HEAD
<<<<<<< Updated upstream
<testsuite skipped="0" hostname="RahulKaelsMini2" name="com.ghana.app.qa.testcases.ConsulatePageTest" tests="93" failures="3" timestamp="16 Mar 2019 06:45:51 GMT" time="220.709" errors="0">
  <testcase name="selectPassPortType" time="8.512" classname="com.ghana.app.qa.testcases.ConsulatePageTest"/>
  <testcase name="selectNationalityTest" time="2.386" classname="com.ghana.app.qa.testcases.ConsulatePageTest"/>
  <testcase name="selectPortOfArrivalTest" time="0.155" classname="com.ghana.app.qa.testcases.ConsulatePageTest"/>
  <testcase name="passPhoneNoTest" time="0.167" classname="com.ghana.app.qa.testcases.ConsulatePageTest"/>
  <testcase name="passEmailIdTest" time="0.351" classname="com.ghana.app.qa.testcases.ConsulatePageTest"/>
  <testcase name="passReEmailIdTest" time="0.220" classname="com.ghana.app.qa.testcases.ConsulatePageTest"/>
  <testcase name="enterCaptchaFieldTest" time="0.123" classname="com.ghana.app.qa.testcases.ConsulatePageTest"/>
  <testcase name="selectDateOfBirthTest" time="2.650" classname="com.ghana.app.qa.testcases.ConsulatePageTest"/>
  <testcase name="clickOnSaveAndContinueBtnTest" time="0.052" classname="com.ghana.app.qa.testcases.ConsulatePageTest"/>
  <testcase name="getApplicationPageTitleTest" time="2.008" classname="com.ghana.app.qa.testcases.ConsulatePageTest"/>
  <testcase name="getApplicationIdTest" time="0.034" classname="com.ghana.app.qa.testcases.ConsulatePageTest"/>
  <testcase name="selectVisaFeesTest" time="0.137" classname="com.ghana.app.qa.testcases.ConsulatePageTest"/>
  <testcase name="selectVisaLocationTest" time="0.143" classname="com.ghana.app.qa.testcases.ConsulatePageTest"/>
  <testcase name="passFirstNameTest" time="0.121" classname="com.ghana.app.qa.testcases.ConsulatePageTest"/>
  <testcase name="passLastNameTest" time="0.137" classname="com.ghana.app.qa.testcases.ConsulatePageTest"/>
  <testcase name="passPassportNumberTest" time="0.148" classname="com.ghana.app.qa.testcases.ConsulatePageTest"/>
  <testcase name="clickOnGenderTest" time="0.079" classname="com.ghana.app.qa.testcases.ConsulatePageTest"/>
  <testcase name="selectPassIssueDateTest" time="0.260" classname="com.ghana.app.qa.testcases.ConsulatePageTest"/>
  <testcase name="selectPassExpiryDateTest" time="0.247" classname="com.ghana.app.qa.testcases.ConsulatePageTest"/>
  <testcase name="passPlaceOfBirthTest" time="0.154" classname="com.ghana.app.qa.testcases.ConsulatePageTest"/>
  <testcase name="clickOnSaveAndContinueTest" time="0.240" classname="com.ghana.app.qa.testcases.ConsulatePageTest"/>
  <testcase name="selectFormerNationalityTest" time="0.174" classname="com.ghana.app.qa.testcases.ConsulatePageTest"/>
  <testcase name="filladdressInfoTest" time="1.535" classname="com.ghana.app.qa.testcases.ConsulatePageTest"/>
  <testcase name="clickSaveAndContinuebtnTest" time="0.209" classname="com.ghana.app.qa.testcases.ConsulatePageTest"/>
  <testcase name="emergencyContactDetailsTest" time="0.362" classname="com.ghana.app.qa.testcases.ConsulatePageTest"/>
  <testcase name="selectRelationTest" time="0.157" classname="com.ghana.app.qa.testcases.ConsulatePageTest"/>
  <testcase name="emergencyProfessionDetailsTest" time="1.101" classname="com.ghana.app.qa.testcases.ConsulatePageTest"/>
  <testcase name="clickOnCintinueBtnTest" time="0.177" classname="com.ghana.app.qa.testcases.ConsulatePageTest"/>
  <testcase name="clickOnIsApplicantPossessionRoundTicketTest" time="0.128" classname="com.ghana.app.qa.testcases.ConsulatePageTest"/>
  <testcase name="passDateOfDepartureTest" time="0.356" classname="com.ghana.app.qa.testcases.ConsulatePageTest"/>
  <testcase name="passTicketNumberTest" time="0.196" classname="com.ghana.app.qa.testcases.ConsulatePageTest"/>
  <testcase name="clickOnTravelByTest" time="0.179" classname="com.ghana.app.qa.testcases.ConsulatePageTest"/>
  <testcase name="clickPurpose_of_journeyTest" time="0.133" classname="com.ghana.app.qa.testcases.ConsulatePageTest"/>
  <testcase name="passPrimaryRefFirstnameTest" time="0.100" classname="com.ghana.app.qa.testcases.ConsulatePageTest"/>
  <testcase name="passPrimaryRefLastnameTest" time="0.143" classname="com.ghana.app.qa.testcases.ConsulatePageTest"/>
  <testcase name="pass_Primary_ref_addressTest" time="0.310" classname="com.ghana.app.qa.testcases.ConsulatePageTest"/>
  <testcase name="pass_primary_ref_pincodeTest" time="0.115" classname="com.ghana.app.qa.testcases.ConsulatePageTest"/>
  <testcase name="pass_primary_ref_cityTest" time="0.223" classname="com.ghana.app.qa.testcases.ConsulatePageTest"/>
  <testcase name="pass_primary_ref_stateTest" time="0.189" classname="com.ghana.app.qa.testcases.ConsulatePageTest"/>
  <testcase name="pass_primary_ref_countryTest" time="0.118" classname="com.ghana.app.qa.testcases.ConsulatePageTest"/>
  <testcase name="pass_primary_ref_phone_numberTest" time="0.174" classname="com.ghana.app.qa.testcases.ConsulatePageTest"/>
  <testcase name="PassSecondaryRefDetailsTest" time="1.419" classname="com.ghana.app.qa.testcases.ConsulatePageTest"/>
  <testcase name="clickOnContinuebuttonTest" time="0.166" classname="com.ghana.app.qa.testcases.ConsulatePageTest"/>
  <testcase name="getUploadDocTest" time="0.411" classname="com.ghana.app.qa.testcases.ConsulatePageTest"/>
  <testcase name="getTextPersonalInfoTest" time="0.259" classname="com.ghana.app.qa.testcases.ConsulatePageTest"/>
  <testcase name="clicksaveAndContiBtnTest" time="0.143" classname="com.ghana.app.qa.testcases.ConsulatePageTest"/>
  <testcase name="getTextAddressInfoTest" time="0.280" classname="com.ghana.app.qa.testcases.ConsulatePageTest">
=======
<testsuite skipped="0" hostname="Torenzo" name="com.ghana.app.qa.testcases.ConsulatePageTest" tests="93" failures="3" timestamp="16 Mar 2019 06:36:44 GMT" time="214.490" errors="0">
  <testcase name="selectPassPortType" time="8.179" classname="com.ghana.app.qa.testcases.ConsulatePageTest"/>
  <testcase name="selectNationalityTest" time="2.347" classname="com.ghana.app.qa.testcases.ConsulatePageTest"/>
  <testcase name="selectPortOfArrivalTest" time="0.125" classname="com.ghana.app.qa.testcases.ConsulatePageTest"/>
  <testcase name="passPhoneNoTest" time="0.120" classname="com.ghana.app.qa.testcases.ConsulatePageTest"/>
  <testcase name="passEmailIdTest" time="0.193" classname="com.ghana.app.qa.testcases.ConsulatePageTest"/>
  <testcase name="passReEmailIdTest" time="0.206" classname="com.ghana.app.qa.testcases.ConsulatePageTest"/>
  <testcase name="enterCaptchaFieldTest" time="0.149" classname="com.ghana.app.qa.testcases.ConsulatePageTest"/>
  <testcase name="selectDateOfBirthTest" time="1.906" classname="com.ghana.app.qa.testcases.ConsulatePageTest"/>
  <testcase name="clickOnSaveAndContinueBtnTest" time="0.037" classname="com.ghana.app.qa.testcases.ConsulatePageTest"/>
  <testcase name="getApplicationPageTitleTest" time="2.015" classname="com.ghana.app.qa.testcases.ConsulatePageTest"/>
  <testcase name="getApplicationIdTest" time="0.031" classname="com.ghana.app.qa.testcases.ConsulatePageTest"/>
  <testcase name="selectVisaFeesTest" time="0.168" classname="com.ghana.app.qa.testcases.ConsulatePageTest"/>
  <testcase name="selectVisaLocationTest" time="0.132" classname="com.ghana.app.qa.testcases.ConsulatePageTest"/>
  <testcase name="passFirstNameTest" time="0.107" classname="com.ghana.app.qa.testcases.ConsulatePageTest"/>
  <testcase name="passLastNameTest" time="0.115" classname="com.ghana.app.qa.testcases.ConsulatePageTest"/>
  <testcase name="passPassportNumberTest" time="0.137" classname="com.ghana.app.qa.testcases.ConsulatePageTest"/>
  <testcase name="clickOnGenderTest" time="0.060" classname="com.ghana.app.qa.testcases.ConsulatePageTest"/>
  <testcase name="selectPassIssueDateTest" time="0.234" classname="com.ghana.app.qa.testcases.ConsulatePageTest"/>
  <testcase name="selectPassExpiryDateTest" time="0.231" classname="com.ghana.app.qa.testcases.ConsulatePageTest"/>
  <testcase name="passPlaceOfBirthTest" time="0.125" classname="com.ghana.app.qa.testcases.ConsulatePageTest"/>
  <testcase name="clickOnSaveAndContinueTest" time="0.192" classname="com.ghana.app.qa.testcases.ConsulatePageTest"/>
  <testcase name="selectFormerNationalityTest" time="0.156" classname="com.ghana.app.qa.testcases.ConsulatePageTest"/>
  <testcase name="filladdressInfoTest" time="1.333" classname="com.ghana.app.qa.testcases.ConsulatePageTest"/>
  <testcase name="clickSaveAndContinuebtnTest" time="0.138" classname="com.ghana.app.qa.testcases.ConsulatePageTest"/>
  <testcase name="emergencyContactDetailsTest" time="0.340" classname="com.ghana.app.qa.testcases.ConsulatePageTest"/>
  <testcase name="selectRelationTest" time="0.152" classname="com.ghana.app.qa.testcases.ConsulatePageTest"/>
  <testcase name="emergencyProfessionDetailsTest" time="1.004" classname="com.ghana.app.qa.testcases.ConsulatePageTest"/>
  <testcase name="clickOnCintinueBtnTest" time="0.146" classname="com.ghana.app.qa.testcases.ConsulatePageTest"/>
  <testcase name="clickOnIsApplicantPossessionRoundTicketTest" time="0.104" classname="com.ghana.app.qa.testcases.ConsulatePageTest"/>
  <testcase name="passDateOfDepartureTest" time="0.337" classname="com.ghana.app.qa.testcases.ConsulatePageTest"/>
  <testcase name="passTicketNumberTest" time="0.171" classname="com.ghana.app.qa.testcases.ConsulatePageTest"/>
  <testcase name="clickOnTravelByTest" time="0.154" classname="com.ghana.app.qa.testcases.ConsulatePageTest"/>
  <testcase name="clickPurpose_of_journeyTest" time="0.143" classname="com.ghana.app.qa.testcases.ConsulatePageTest"/>
  <testcase name="passPrimaryRefFirstnameTest" time="0.095" classname="com.ghana.app.qa.testcases.ConsulatePageTest"/>
  <testcase name="passPrimaryRefLastnameTest" time="0.132" classname="com.ghana.app.qa.testcases.ConsulatePageTest"/>
  <testcase name="pass_Primary_ref_addressTest" time="0.241" classname="com.ghana.app.qa.testcases.ConsulatePageTest"/>
  <testcase name="pass_primary_ref_pincodeTest" time="0.096" classname="com.ghana.app.qa.testcases.ConsulatePageTest"/>
  <testcase name="pass_primary_ref_cityTest" time="0.179" classname="com.ghana.app.qa.testcases.ConsulatePageTest"/>
  <testcase name="pass_primary_ref_stateTest" time="0.144" classname="com.ghana.app.qa.testcases.ConsulatePageTest"/>
  <testcase name="pass_primary_ref_countryTest" time="0.086" classname="com.ghana.app.qa.testcases.ConsulatePageTest"/>
  <testcase name="pass_primary_ref_phone_numberTest" time="0.153" classname="com.ghana.app.qa.testcases.ConsulatePageTest"/>
  <testcase name="PassSecondaryRefDetailsTest" time="1.129" classname="com.ghana.app.qa.testcases.ConsulatePageTest"/>
  <testcase name="clickOnContinuebuttonTest" time="0.104" classname="com.ghana.app.qa.testcases.ConsulatePageTest"/>
  <testcase name="getUploadDocTest" time="0.259" classname="com.ghana.app.qa.testcases.ConsulatePageTest"/>
  <testcase name="getTextPersonalInfoTest" time="0.225" classname="com.ghana.app.qa.testcases.ConsulatePageTest"/>
  <testcase name="clicksaveAndContiBtnTest" time="0.127" classname="com.ghana.app.qa.testcases.ConsulatePageTest"/>
  <testcase name="getTextAddressInfoTest" time="0.325" classname="com.ghana.app.qa.testcases.ConsulatePageTest">
>>>>>>> Stashed changes
=======
<testsuite skipped="0" hostname="RahulKaelsMini2" name="com.ghana.app.qa.testcases.ConsulatePageTest" tests="65" failures="4" timestamp="04 Apr 2019 06:19:07 GMT" time="134.902" errors="0">
  <testcase name="validateHomePageTitle" time="0.032" classname="com.ghana.app.qa.testcases.ConsulatePageTest"/>
  <testcase name="verifyApplyVisaClickTest" time="0.380" classname="com.ghana.app.qa.testcases.ConsulatePageTest"/>
  <testcase name="getVisaCategoriesText" time="0.049" classname="com.ghana.app.qa.testcases.ConsulatePageTest"/>
  <testcase name="clickOnVisaTypeTest" time="0.855" classname="com.ghana.app.qa.testcases.ConsulatePageTest"/>
  <testcase name="selectPassPortType" time="6.776" classname="com.ghana.app.qa.testcases.ConsulatePageTest"/>
  <testcase name="selectNationalityTest" time="2.668" classname="com.ghana.app.qa.testcases.ConsulatePageTest"/>
  <testcase name="selectPortOfArrivalTest" time="0.133" classname="com.ghana.app.qa.testcases.ConsulatePageTest"/>
  <testcase name="passPhoneNoTest" time="0.271" classname="com.ghana.app.qa.testcases.ConsulatePageTest"/>
  <testcase name="passEmailIdTest" time="0.431" classname="com.ghana.app.qa.testcases.ConsulatePageTest"/>
  <testcase name="passReEmailIdTest" time="0.338" classname="com.ghana.app.qa.testcases.ConsulatePageTest"/>
  <testcase name="enterCaptchaFieldTest" time="4.326" classname="com.ghana.app.qa.testcases.ConsulatePageTest"/>
  <testcase name="selectDateOfBirthTest" time="0.246" classname="com.ghana.app.qa.testcases.ConsulatePageTest"/>
  <testcase name="clickOnSaveAndContinueBtnTest" time="3.419" classname="com.ghana.app.qa.testcases.ConsulatePageTest"/>
  <testcase name="getApplicationPageTitleTest" time="2.007" classname="com.ghana.app.qa.testcases.ConsulatePageTest"/>
  <testcase name="getApplicationIdTest" time="0.040" classname="com.ghana.app.qa.testcases.ConsulatePageTest"/>
  <testcase name="selectVisaFeesTest" time="0.150" classname="com.ghana.app.qa.testcases.ConsulatePageTest"/>
  <testcase name="selectVisaLocationTest" time="0.191" classname="com.ghana.app.qa.testcases.ConsulatePageTest"/>
  <testcase name="passFirstNameTest" time="0.153" classname="com.ghana.app.qa.testcases.ConsulatePageTest"/>
  <testcase name="passLastNameTest" time="0.127" classname="com.ghana.app.qa.testcases.ConsulatePageTest"/>
  <testcase name="passPassportNumberTest" time="0.211" classname="com.ghana.app.qa.testcases.ConsulatePageTest"/>
  <testcase name="clickOnGenderTest" time="2.206" classname="com.ghana.app.qa.testcases.ConsulatePageTest"/>
  <testcase name="selectPassIssueDateTest" time="0.174" classname="com.ghana.app.qa.testcases.ConsulatePageTest"/>
  <testcase name="selectPassExpiryDateTest" time="0.183" classname="com.ghana.app.qa.testcases.ConsulatePageTest"/>
  <testcase name="passPlaceOfBirthTest" time="0.180" classname="com.ghana.app.qa.testcases.ConsulatePageTest"/>
  <testcase name="clickOnSaveAndContinueTest" time="4.299" classname="com.ghana.app.qa.testcases.ConsulatePageTest"/>
  <testcase name="selectFormerNationalityTest" time="2.246" classname="com.ghana.app.qa.testcases.ConsulatePageTest"/>
  <testcase name="filladdressInfoTest" time="2.010" classname="com.ghana.app.qa.testcases.ConsulatePageTest"/>
  <testcase name="clickSaveAndContinuebtnTest" time="0.220" classname="com.ghana.app.qa.testcases.ConsulatePageTest"/>
  <testcase name="emergencyContactDetailsTest" time="0.419" classname="com.ghana.app.qa.testcases.ConsulatePageTest"/>
  <testcase name="selectRelationTest" time="0.163" classname="com.ghana.app.qa.testcases.ConsulatePageTest"/>
  <testcase name="emergencyProfessionDetailsTest" time="1.405" classname="com.ghana.app.qa.testcases.ConsulatePageTest"/>
  <testcase name="clickOnCintinueBtnTest" time="4.973" classname="com.ghana.app.qa.testcases.ConsulatePageTest"/>
  <testcase name="clickOnIsApplicantPossessionRoundTicketTest" time="0.137" classname="com.ghana.app.qa.testcases.ConsulatePageTest"/>
  <testcase name="passDateOfDepartureTest" time="0.537" classname="com.ghana.app.qa.testcases.ConsulatePageTest"/>
  <testcase name="passTicketNumberTest" time="0.176" classname="com.ghana.app.qa.testcases.ConsulatePageTest"/>
  <testcase name="clickOnTravelByTest" time="0.167" classname="com.ghana.app.qa.testcases.ConsulatePageTest"/>
  <testcase name="clickPurpose_of_journeyTest" time="0.136" classname="com.ghana.app.qa.testcases.ConsulatePageTest"/>
  <testcase name="passPrimaryRefFirstnameTest" time="0.100" classname="com.ghana.app.qa.testcases.ConsulatePageTest"/>
  <testcase name="passPrimaryRefLastnameTest" time="0.147" classname="com.ghana.app.qa.testcases.ConsulatePageTest"/>
  <testcase name="pass_Primary_ref_addressTest" time="0.429" classname="com.ghana.app.qa.testcases.ConsulatePageTest"/>
  <testcase name="pass_primary_ref_pincodeTest" time="0.138" classname="com.ghana.app.qa.testcases.ConsulatePageTest"/>
  <testcase name="pass_primary_ref_cityTest" time="0.267" classname="com.ghana.app.qa.testcases.ConsulatePageTest"/>
  <testcase name="pass_primary_ref_stateTest" time="0.322" classname="com.ghana.app.qa.testcases.ConsulatePageTest"/>
  <testcase name="pass_primary_ref_countryTest" time="0.123" classname="com.ghana.app.qa.testcases.ConsulatePageTest"/>
  <testcase name="pass_primary_ref_phone_numberTest" time="0.170" classname="com.ghana.app.qa.testcases.ConsulatePageTest"/>
  <testcase name="PassSecondaryRefDetailsTest" time="1.351" classname="com.ghana.app.qa.testcases.ConsulatePageTest"/>
  <testcase name="clickOnContinuebuttonTest" time="0.952" classname="com.ghana.app.qa.testcases.ConsulatePageTest"/>
  <testcase name="getUploadDocTest" time="1.079" classname="com.ghana.app.qa.testcases.ConsulatePageTest"/>
  <testcase name="clickOnContinuebuttonTest1" time="0.268" classname="com.ghana.app.qa.testcases.ConsulatePageTest"/>
  <testcase name="getTextPersonalInfoTest" time="0.276" classname="com.ghana.app.qa.testcases.ConsulatePageTest">
>>>>>>> 20f881626fa5033d3b969e0dd56dcfe7cb2f5104
    <failure type="java.lang.AssertionError" message="The following asserts failed:
	Provided and Get firstName are not matched expected [Vikas Dighe] but found [kas Dighe],
	Provided and Get Birthdate are not matched expected [22102009] but found [/11/2010],
	Provided and Get birthPlace are not matched expected [Sangamner] but found [ngamner],
	Provided and Get passportNumber are not matched expected [A12345BA00] but found [2345BA00],
	Provided and Get passportIssuedDate are not matched expected [29102018] but found [/10/2018],
	Provided and Get passportExpiryDate are not matched expected [29102020] but found [/10/2020]">
      <![CDATA[java.lang.AssertionError: The following asserts failed:
Provided and Get firstName are not matched expected [Vikas Dighe] but found [kas Dighe],
Provided and Get Birthdate are not matched expected [22102009] but found [/11/2010],
Provided and Get birthPlace are not matched expected [Sangamner] but found [ngamner],
Provided and Get passportNumber are not matched expected [A12345BA00] but found [2345BA00],
Provided and Get passportIssuedDate are not matched expected [29102018] but found [/10/2018],
Provided and Get passportExpiryDate are not matched expected [29102020] but found [/10/2020]
at org.testng.asserts.SoftAssert.assertAll(SoftAssert.java:43)
at com.ghana.app.qa.testcases.ReviewApplicationPageTest.getTextPersonalInfoTest(ReviewApplicationPageTest.java:37)
at sun.reflect.NativeMethodAccessorImpl.invoke0(Native Method)
at sun.reflect.NativeMethodAccessorImpl.invoke(NativeMethodAccessorImpl.java:62)
at sun.reflect.DelegatingMethodAccessorImpl.invoke(DelegatingMethodAccessorImpl.java:43)
at java.lang.reflect.Method.invoke(Method.java:498)
at org.testng.internal.MethodInvocationHelper.invokeMethod(MethodInvocationHelper.java:124)
at org.testng.internal.Invoker.invokeMethod(Invoker.java:583)
at org.testng.internal.Invoker.invokeTestMethod(Invoker.java:719)
at org.testng.internal.Invoker.invokeTestMethods(Invoker.java:989)
at org.testng.internal.TestMethodWorker.invokeTestMethods(TestMethodWorker.java:125)
at org.testng.internal.TestMethodWorker.run(TestMethodWorker.java:109)
at org.testng.TestRunner.privateRun(TestRunner.java:648)
at org.testng.TestRunner.run(TestRunner.java:505)
at org.testng.SuiteRunner.runTest(SuiteRunner.java:455)
at org.testng.SuiteRunner.runSequentially(SuiteRunner.java:450)
at org.testng.SuiteRunner.privateRun(SuiteRunner.java:415)
at org.testng.SuiteRunner.run(SuiteRunner.java:364)
at org.testng.SuiteRunnerWorker.runSuite(SuiteRunnerWorker.java:52)
at org.testng.SuiteRunnerWorker.run(SuiteRunnerWorker.java:84)
at org.testng.TestNG.runSuitesSequentially(TestNG.java:1208)
at org.testng.TestNG.runSuitesLocally(TestNG.java:1137)
at org.testng.TestNG.runSuites(TestNG.java:1049)
at org.testng.TestNG.run(TestNG.java:1017)
at org.testng.remote.AbstractRemoteTestNG.run(AbstractRemoteTestNG.java:114)
at org.testng.remote.RemoteTestNG.initAndRun(RemoteTestNG.java:251)
at org.testng.remote.RemoteTestNG.main(RemoteTestNG.java:77)
]]>
    </failure>
  </testcase> <!-- getTextPersonalInfoTest -->
  <testcase name="getTextAddressInfoTest" time="0.270" classname="com.ghana.app.qa.testcases.ConsulatePageTest">
    <failure type="java.lang.AssertionError" message="The following asserts failed:
	Provided and Get firstName are not matched expected [Vikas Dighe] but found [kas Dighe],
	Provided and Get Birthdate are not matched expected [22102009] but found [/11/2010],
	Provided and Get birthPlace are not matched expected [Sangamner] but found [ngamner],
	Provided and Get passportNumber are not matched expected [A12345BA00] but found [2345BA00],
	Provided and Get passportIssuedDate are not matched expected [29102018] but found [/10/2018],
	Provided and Get passportExpiryDate are not matched expected [29102020] but found [/10/2020],
	Provided and Get address are not matched expected [Flat No. 302 Lambodhar Classic, Serene Medows, Gangapur Raod, Near Media House.] but found [at No. 302 Lambodhar Classic, Serene Medows, Gangapur Raod, Near Media House.],
	Provided and Get pinCode are not matched expected [444015] but found [4015],
	Provided and Get cityName are not matched expected [Nashik] but found [shik],
	Provided and Get stateName are not matched expected [Maharashtra] but found [harashtra],
	Provided and Get countryName are not matched expected [India] but found [dia],
	Provided and Get nationality are not matched expected [India] but found [dia],
	Provided and Get emailId are not matched expected [arjunthawkar84@gmail.com] but found [junthawkar84@gmail.com],
	Provided and Get phoneNumber are not matched expected [9503152126] but found [03152126]">
      <![CDATA[java.lang.AssertionError: The following asserts failed:
Provided and Get firstName are not matched expected [Vikas Dighe] but found [kas Dighe],
Provided and Get Birthdate are not matched expected [22102009] but found [/11/2010],
Provided and Get birthPlace are not matched expected [Sangamner] but found [ngamner],
Provided and Get passportNumber are not matched expected [A12345BA00] but found [2345BA00],
Provided and Get passportIssuedDate are not matched expected [29102018] but found [/10/2018],
Provided and Get passportExpiryDate are not matched expected [29102020] but found [/10/2020],
Provided and Get address are not matched expected [Flat No. 302 Lambodhar Classic, Serene Medows, Gangapur Raod, Near Media House.] but found [at No. 302 Lambodhar Classic, Serene Medows, Gangapur Raod, Near Media House.],
Provided and Get pinCode are not matched expected [444015] but found [4015],
Provided and Get cityName are not matched expected [Nashik] but found [shik],
Provided and Get stateName are not matched expected [Maharashtra] but found [harashtra],
Provided and Get countryName are not matched expected [India] but found [dia],
Provided and Get nationality are not matched expected [India] but found [dia],
Provided and Get emailId are not matched expected [arjunthawkar84@gmail.com] but found [junthawkar84@gmail.com],
Provided and Get phoneNumber are not matched expected [9503152126] but found [03152126]
at org.testng.asserts.SoftAssert.assertAll(SoftAssert.java:43)
at com.ghana.app.qa.testcases.ReviewApplicationPageTest.getTextAddressInfoTest(ReviewApplicationPageTest.java:64)
at sun.reflect.NativeMethodAccessorImpl.invoke0(Native Method)
at sun.reflect.NativeMethodAccessorImpl.invoke(Unknown Source)
at sun.reflect.DelegatingMethodAccessorImpl.invoke(Unknown Source)
at java.lang.reflect.Method.invoke(Unknown Source)
at org.testng.internal.MethodInvocationHelper.invokeMethod(MethodInvocationHelper.java:124)
at org.testng.internal.Invoker.invokeMethod(Invoker.java:580)
at org.testng.internal.Invoker.invokeTestMethod(Invoker.java:716)
at org.testng.internal.Invoker.invokeTestMethods(Invoker.java:988)
at org.testng.internal.TestMethodWorker.invokeTestMethods(TestMethodWorker.java:125)
at org.testng.internal.TestMethodWorker.run(TestMethodWorker.java:109)
at org.testng.TestRunner.privateRun(TestRunner.java:648)
at org.testng.TestRunner.run(TestRunner.java:505)
at org.testng.SuiteRunner.runTest(SuiteRunner.java:455)
at org.testng.SuiteRunner.runSequentially(SuiteRunner.java:450)
at org.testng.SuiteRunner.privateRun(SuiteRunner.java:415)
at org.testng.SuiteRunner.run(SuiteRunner.java:364)
at org.testng.SuiteRunnerWorker.runSuite(SuiteRunnerWorker.java:52)
at org.testng.SuiteRunnerWorker.run(SuiteRunnerWorker.java:84)
at org.testng.TestNG.runSuitesSequentially(TestNG.java:1208)
at org.testng.TestNG.runSuitesLocally(TestNG.java:1137)
at org.testng.TestNG.runSuites(TestNG.java:1049)
at org.testng.TestNG.run(TestNG.java:1017)
at org.testng.remote.AbstractRemoteTestNG.run(AbstractRemoteTestNG.java:114)
at org.testng.remote.RemoteTestNG.initAndRun(RemoteTestNG.java:251)
at org.testng.remote.RemoteTestNG.main(RemoteTestNG.java:77)
]]>
    </failure>
  </testcase> <!-- getTextAddressInfoTest -->
<<<<<<< HEAD
<<<<<<< Updated upstream
  <testcase name="getTextEmergencyContactTest" time="0.035" classname="com.ghana.app.qa.testcases.ConsulatePageTest">
=======
  <testcase name="getTextEmergencyContactTest" time="0.042" classname="com.ghana.app.qa.testcases.ConsulatePageTest">
>>>>>>> Stashed changes
=======
  <testcase name="getTextEmergencyContactTest" time="0.043" classname="com.ghana.app.qa.testcases.ConsulatePageTest">
>>>>>>> 20f881626fa5033d3b969e0dd56dcfe7cb2f5104
    <failure type="java.lang.AssertionError" message="The following asserts failed:
	Provided and Get firstName are not matched expected [Vikas Dighe] but found [kas Dighe],
	Provided and Get Birthdate are not matched expected [22102009] but found [/11/2010],
	Provided and Get birthPlace are not matched expected [Sangamner] but found [ngamner],
	Provided and Get passportNumber are not matched expected [A12345BA00] but found [2345BA00],
	Provided and Get passportIssuedDate are not matched expected [29102018] but found [/10/2018],
	Provided and Get passportExpiryDate are not matched expected [29102020] but found [/10/2020],
	Provided and Get address are not matched expected [Flat No. 302 Lambodhar Classic, Serene Medows, Gangapur Raod, Near Media House.] but found [at No. 302 Lambodhar Classic, Serene Medows, Gangapur Raod, Near Media House.],
	Provided and Get pinCode are not matched expected [444015] but found [4015],
	Provided and Get cityName are not matched expected [Nashik] but found [shik],
	Provided and Get stateName are not matched expected [Maharashtra] but found [harashtra],
	Provided and Get countryName are not matched expected [India] but found [dia],
	Provided and Get nationality are not matched expected [India] but found [dia],
	Provided and Get emailId are not matched expected [arjunthawkar84@gmail.com] but found [junthawkar84@gmail.com],
	Provided and Get phoneNumber are not matched expected [9503152126] but found [03152126],
	Provided and Get address are not matched expected [Sachin Paratha] but found [chin Paratha]">
      <![CDATA[java.lang.AssertionError: The following asserts failed:
Provided and Get firstName are not matched expected [Vikas Dighe] but found [kas Dighe],
Provided and Get Birthdate are not matched expected [22102009] but found [/11/2010],
Provided and Get birthPlace are not matched expected [Sangamner] but found [ngamner],
Provided and Get passportNumber are not matched expected [A12345BA00] but found [2345BA00],
Provided and Get passportIssuedDate are not matched expected [29102018] but found [/10/2018],
Provided and Get passportExpiryDate are not matched expected [29102020] but found [/10/2020],
Provided and Get address are not matched expected [Flat No. 302 Lambodhar Classic, Serene Medows, Gangapur Raod, Near Media House.] but found [at No. 302 Lambodhar Classic, Serene Medows, Gangapur Raod, Near Media House.],
Provided and Get pinCode are not matched expected [444015] but found [4015],
Provided and Get cityName are not matched expected [Nashik] but found [shik],
Provided and Get stateName are not matched expected [Maharashtra] but found [harashtra],
Provided and Get countryName are not matched expected [India] but found [dia],
Provided and Get nationality are not matched expected [India] but found [dia],
Provided and Get emailId are not matched expected [arjunthawkar84@gmail.com] but found [junthawkar84@gmail.com],
Provided and Get phoneNumber are not matched expected [9503152126] but found [03152126],
Provided and Get address are not matched expected [Sachin Paratha] but found [chin Paratha]
at org.testng.asserts.SoftAssert.assertAll(SoftAssert.java:43)
at com.ghana.app.qa.testcases.ReviewApplicationPageTest.getTextEmergencyContactTest(ReviewApplicationPageTest.java:73)
at sun.reflect.NativeMethodAccessorImpl.invoke0(Native Method)
at sun.reflect.NativeMethodAccessorImpl.invoke(Unknown Source)
at sun.reflect.DelegatingMethodAccessorImpl.invoke(Unknown Source)
at java.lang.reflect.Method.invoke(Unknown Source)
at org.testng.internal.MethodInvocationHelper.invokeMethod(MethodInvocationHelper.java:124)
at org.testng.internal.Invoker.invokeMethod(Invoker.java:580)
at org.testng.internal.Invoker.invokeTestMethod(Invoker.java:716)
at org.testng.internal.Invoker.invokeTestMethods(Invoker.java:988)
at org.testng.internal.TestMethodWorker.invokeTestMethods(TestMethodWorker.java:125)
at org.testng.internal.TestMethodWorker.run(TestMethodWorker.java:109)
at org.testng.TestRunner.privateRun(TestRunner.java:648)
at org.testng.TestRunner.run(TestRunner.java:505)
at org.testng.SuiteRunner.runTest(SuiteRunner.java:455)
at org.testng.SuiteRunner.runSequentially(SuiteRunner.java:450)
at org.testng.SuiteRunner.privateRun(SuiteRunner.java:415)
at org.testng.SuiteRunner.run(SuiteRunner.java:364)
at org.testng.SuiteRunnerWorker.runSuite(SuiteRunnerWorker.java:52)
at org.testng.SuiteRunnerWorker.run(SuiteRunnerWorker.java:84)
at org.testng.TestNG.runSuitesSequentially(TestNG.java:1208)
at org.testng.TestNG.runSuitesLocally(TestNG.java:1137)
at org.testng.TestNG.runSuites(TestNG.java:1049)
at org.testng.TestNG.run(TestNG.java:1017)
at org.testng.remote.AbstractRemoteTestNG.run(AbstractRemoteTestNG.java:114)
at org.testng.remote.RemoteTestNG.initAndRun(RemoteTestNG.java:251)
at org.testng.remote.RemoteTestNG.main(RemoteTestNG.java:77)
]]>
    </failure>
  </testcase> <!-- getTextEmergencyContactTest -->
<<<<<<< HEAD
<<<<<<< Updated upstream
  <testcase name="getTextTravelInfoTest" time="0.553" classname="com.ghana.app.qa.testcases.ConsulatePageTest">
=======
  <testcase name="getTextTravelInfoTest" time="0.662" classname="com.ghana.app.qa.testcases.ConsulatePageTest">
>>>>>>> Stashed changes
=======
  <testcase name="getTextTravelInfoTest" time="0.482" classname="com.ghana.app.qa.testcases.ConsulatePageTest">
>>>>>>> 20f881626fa5033d3b969e0dd56dcfe7cb2f5104
    <failure type="java.lang.AssertionError" message="The following asserts failed:
	Provided and Get firstName are not matched expected [Vikas Dighe] but found [kas Dighe],
	Provided and Get Birthdate are not matched expected [22102009] but found [/11/2010],
	Provided and Get birthPlace are not matched expected [Sangamner] but found [ngamner],
	Provided and Get passportNumber are not matched expected [A12345BA00] but found [2345BA00],
	Provided and Get passportIssuedDate are not matched expected [29102018] but found [/10/2018],
	Provided and Get passportExpiryDate are not matched expected [29102020] but found [/10/2020],
	Provided and Get address are not matched expected [Flat No. 302 Lambodhar Classic, Serene Medows, Gangapur Raod, Near Media House.] but found [at No. 302 Lambodhar Classic, Serene Medows, Gangapur Raod, Near Media House.],
	Provided and Get pinCode are not matched expected [444015] but found [4015],
	Provided and Get cityName are not matched expected [Nashik] but found [shik],
	Provided and Get stateName are not matched expected [Maharashtra] but found [harashtra],
	Provided and Get countryName are not matched expected [India] but found [dia],
	Provided and Get nationality are not matched expected [India] but found [dia],
	Provided and Get emailId are not matched expected [arjunthawkar84@gmail.com] but found [junthawkar84@gmail.com],
	Provided and Get phoneNumber are not matched expected [9503152126] but found [03152126],
	Provided and Get address are not matched expected [Sachin Paratha] but found [chin Paratha],
	Provided and Get dateOfDeparture are not matched expected [08112019] but found [/11/2019],
	Provided and Get emerPhoneNumber are not matched expected [AF123652] but found [123652],
	Provided and Get primaryFirstLastName are not matched expected [Kojo Amankwah] but found [jo Amankwah],
	Provided and Get primaryAddress are not matched expected [8 John Wall Way, Ashaiman] but found [John Wall Way, Ashaiman],
	Provided and Get primaryPinCode are not matched expected [GA017] but found [017],
	Provided and Get primaryCity are not matched expected [Sekondi-Takoradi] but found [kondi-Takoradi],
	Provided and Get primaryState are not matched expected [Brong-Aha[5]fo] but found [ong-Aha[5]fo],
	Provided and Get primaryCountry are not matched expected [Ghana] but found [ana],
	Provided and Get primaryRefrencePhoneNo are not matched expected [2332422233] but found [32422233],
	Provided and Get secondaryFirstLastName are not matched expected [Ebo Afriyie] but found [o Afriyie],
	Provided and Get secondaryAddress are not matched expected [77436 Fairview Trail, Sekondi-Takoradi] but found [436 Fairview Trail, Sekondi-Takoradi],
	Provided and Get primaryPinCode are not matched expected [GA015] but found [015],
	Provided and Get secondaryCity are not matched expected [Kumasi] but found [masi],
	Provided and Get secondaryState are not matched expected [Ashanti[4]] but found [hanti[4]],
	Provided and Get secondaryCountry are not matched expected [Ghana] but found [ana],
	Provided and Get secondaryRefrencePhoneNo are not matched expected [2332422235] but found [32422235]">
      <![CDATA[java.lang.AssertionError: The following asserts failed:
Provided and Get firstName are not matched expected [Vikas Dighe] but found [kas Dighe],
Provided and Get Birthdate are not matched expected [22102009] but found [/11/2010],
Provided and Get birthPlace are not matched expected [Sangamner] but found [ngamner],
Provided and Get passportNumber are not matched expected [A12345BA00] but found [2345BA00],
Provided and Get passportIssuedDate are not matched expected [29102018] but found [/10/2018],
Provided and Get passportExpiryDate are not matched expected [29102020] but found [/10/2020],
Provided and Get address are not matched expected [Flat No. 302 Lambodhar Classic, Serene Medows, Gangapur Raod, Near Media House.] but found [at No. 302 Lambodhar Classic, Serene Medows, Gangapur Raod, Near Media House.],
Provided and Get pinCode are not matched expected [444015] but found [4015],
Provided and Get cityName are not matched expected [Nashik] but found [shik],
Provided and Get stateName are not matched expected [Maharashtra] but found [harashtra],
Provided and Get countryName are not matched expected [India] but found [dia],
Provided and Get nationality are not matched expected [India] but found [dia],
Provided and Get emailId are not matched expected [arjunthawkar84@gmail.com] but found [junthawkar84@gmail.com],
Provided and Get phoneNumber are not matched expected [9503152126] but found [03152126],
Provided and Get address are not matched expected [Sachin Paratha] but found [chin Paratha],
Provided and Get dateOfDeparture are not matched expected [08112019] but found [/11/2019],
Provided and Get emerPhoneNumber are not matched expected [AF123652] but found [123652],
Provided and Get primaryFirstLastName are not matched expected [Kojo Amankwah] but found [jo Amankwah],
Provided and Get primaryAddress are not matched expected [8 John Wall Way, Ashaiman] but found [John Wall Way, Ashaiman],
Provided and Get primaryPinCode are not matched expected [GA017] but found [017],
Provided and Get primaryCity are not matched expected [Sekondi-Takoradi] but found [kondi-Takoradi],
Provided and Get primaryState are not matched expected [Brong-Aha[5]fo] but found [ong-Aha[5]fo],
Provided and Get primaryCountry are not matched expected [Ghana] but found [ana],
Provided and Get primaryRefrencePhoneNo are not matched expected [2332422233] but found [32422233],
Provided and Get secondaryFirstLastName are not matched expected [Ebo Afriyie] but found [o Afriyie],
Provided and Get secondaryAddress are not matched expected [77436 Fairview Trail, Sekondi-Takoradi] but found [436 Fairview Trail, Sekondi-Takoradi],
Provided and Get primaryPinCode are not matched expected [GA015] but found [015],
Provided and Get secondaryCity are not matched expected [Kumasi] but found [masi],
Provided and Get secondaryState are not matched expected [Ashanti[4]] but found [hanti[4]],
Provided and Get secondaryCountry are not matched expected [Ghana] but found [ana],
Provided and Get secondaryRefrencePhoneNo are not matched expected [2332422235] but found [32422235]
at org.testng.asserts.SoftAssert.assertAll(SoftAssert.java:43)
at com.ghana.app.qa.testcases.ReviewApplicationPageTest.getTextTravelInfoTest(ReviewApplicationPageTest.java:167)
at sun.reflect.NativeMethodAccessorImpl.invoke0(Native Method)
at sun.reflect.NativeMethodAccessorImpl.invoke(Unknown Source)
at sun.reflect.DelegatingMethodAccessorImpl.invoke(Unknown Source)
at java.lang.reflect.Method.invoke(Unknown Source)
at org.testng.internal.MethodInvocationHelper.invokeMethod(MethodInvocationHelper.java:124)
at org.testng.internal.Invoker.invokeMethod(Invoker.java:580)
at org.testng.internal.Invoker.invokeTestMethod(Invoker.java:716)
at org.testng.internal.Invoker.invokeTestMethods(Invoker.java:988)
at org.testng.internal.TestMethodWorker.invokeTestMethods(TestMethodWorker.java:125)
at org.testng.internal.TestMethodWorker.run(TestMethodWorker.java:109)
at org.testng.TestRunner.privateRun(TestRunner.java:648)
at org.testng.TestRunner.run(TestRunner.java:505)
at org.testng.SuiteRunner.runTest(SuiteRunner.java:455)
at org.testng.SuiteRunner.runSequentially(SuiteRunner.java:450)
at org.testng.SuiteRunner.privateRun(SuiteRunner.java:415)
at org.testng.SuiteRunner.run(SuiteRunner.java:364)
at org.testng.SuiteRunnerWorker.runSuite(SuiteRunnerWorker.java:52)
at org.testng.SuiteRunnerWorker.run(SuiteRunnerWorker.java:84)
at org.testng.TestNG.runSuitesSequentially(TestNG.java:1208)
at org.testng.TestNG.runSuitesLocally(TestNG.java:1137)
at org.testng.TestNG.runSuites(TestNG.java:1049)
at org.testng.TestNG.run(TestNG.java:1017)
at org.testng.remote.AbstractRemoteTestNG.run(AbstractRemoteTestNG.java:114)
at org.testng.remote.RemoteTestNG.initAndRun(RemoteTestNG.java:251)
at org.testng.remote.RemoteTestNG.main(RemoteTestNG.java:77)
]]>
    </failure>
  </testcase> <!-- getTextTravelInfoTest -->
<<<<<<< HEAD
<<<<<<< Updated upstream
  <testcase name="clickOnContinueBtnTest" time="0.138" classname="com.ghana.app.qa.testcases.ConsulatePageTest"/>
  <testcase name="verifyClickOnSubmitBtnTest" time="6.420" classname="com.ghana.app.qa.testcases.ConsulatePageTest"/>
  <testcase name="verifyTitleOfConsulateTitle" time="0.021" classname="com.ghana.app.qa.testcases.ConsulatePageTest"/>
  <testcase name="loginIntoConsulate" time="7.421" classname="com.ghana.app.qa.testcases.ConsulatePageTest"/>
  <testcase name="clickOnNewApplication" time="2.743" classname="com.ghana.app.qa.testcases.ConsulatePageTest"/>
  <testcase name="verfiyTitleOfCNAddressInfoPage" time="1.470" classname="com.ghana.app.qa.testcases.ConsulatePageTest"/>
  <testcase name="verfiyTitleOfCNTravelInfoPage" time="0.570" classname="com.ghana.app.qa.testcases.ConsulatePageTest"/>
  <testcase name="verfiyTitleOfCNDocumentVerificatonPage" time="0.556" classname="com.ghana.app.qa.testcases.ConsulatePageTest"/>
  <testcase name="passComment" time="0.890" classname="com.ghana.app.qa.testcases.ConsulatePageTest"/>
  <testcase name="clickOnConfirmedAirTicketWindowClose" time="6.449" classname="com.ghana.app.qa.testcases.ConsulatePageTest"/>
  <testcase name="clickOnConfirmedAirTicketWindow" time="11.170" classname="com.ghana.app.qa.testcases.ConsulatePageTest"/>
  <testcase name="clickOnOnPhotoClose" time="2.816" classname="com.ghana.app.qa.testcases.ConsulatePageTest"/>
  <testcase name="clickOnOnPhoto" time="7.701" classname="com.ghana.app.qa.testcases.ConsulatePageTest"/>
  <testcase name="clickOnYellowFevervaccinationClose" time="2.879" classname="com.ghana.app.qa.testcases.ConsulatePageTest"/>
  <testcase name="clickOnYellowFevervaccination" time="7.679" classname="com.ghana.app.qa.testcases.ConsulatePageTest"/>
  <testcase name="clickOnCoveringLetterClose" time="2.897" classname="com.ghana.app.qa.testcases.ConsulatePageTest"/>
  <testcase name="clickOnCoveringLetter" time="7.699" classname="com.ghana.app.qa.testcases.ConsulatePageTest"/>
  <testcase name="clickOnPhotoOfDraftClose" time="4.840" classname="com.ghana.app.qa.testcases.ConsulatePageTest"/>
  <testcase name="clickOnPhotoOfDraft" time="9.684" classname="com.ghana.app.qa.testcases.ConsulatePageTest"/>
  <testcase name="clickOnIdProofReferenceClose" time="4.813" classname="com.ghana.app.qa.testcases.ConsulatePageTest"/>
  <testcase name="clickOnIdProofReference" time="9.682" classname="com.ghana.app.qa.testcases.ConsulatePageTest"/>
  <testcase name="clickOnOriginalInvitationLetterClose" time="2.929" classname="com.ghana.app.qa.testcases.ConsulatePageTest"/>
  <testcase name="clickOnOriginalInvitationLetter" time="7.707" classname="com.ghana.app.qa.testcases.ConsulatePageTest"/>
  <testcase name="clickOnProofOfTransitVisaClose" time="2.958" classname="com.ghana.app.qa.testcases.ConsulatePageTest"/>
  <testcase name="clickOnProofOfTransitVisa" time="7.743" classname="com.ghana.app.qa.testcases.ConsulatePageTest"/>
  <testcase name="clickOnApplicantInfor" time="2.559" classname="com.ghana.app.qa.testcases.ConsulatePageTest"/>
  <testcase name="clickOnNextButtonAndVerifyTitleAddressInformation" time="1.545" classname="com.ghana.app.qa.testcases.ConsulatePageTest"/>
  <testcase name="clickOnNextButtonAndVerifyTitleTravelInformation" time="0.673" classname="com.ghana.app.qa.testcases.ConsulatePageTest"/>
  <testcase name="clickOnNextButtonAndVerifyTitleDocumentVerification" time="0.586" classname="com.ghana.app.qa.testcases.ConsulatePageTest"/>
  <testcase name="selectAllCheckBoxAndVerify" time="4.574" classname="com.ghana.app.qa.testcases.ConsulatePageTest"/>
  <testcase name="selectOneByOneCheckBoxAndVerify" time="3.345" classname="com.ghana.app.qa.testcases.ConsulatePageTest"/>
  <testcase name="clickOnApproveAndVerifyPopText" time="0.765" classname="com.ghana.app.qa.testcases.ConsulatePageTest"/>
  <testcase name="clickOnApproveAndVerifyPopText1" time="6.708" classname="com.ghana.app.qa.testcases.ConsulatePageTest"/>
  <testcase name="clickOnRejectAndVerifyPopText" time="3.758" classname="com.ghana.app.qa.testcases.ConsulatePageTest"/>
  <testcase name="clickOnRejectAndVerifyPopText1" time="6.736" classname="com.ghana.app.qa.testcases.ConsulatePageTest"/>
  <testcase name="clickOnBackButtonAndVerifyTitleTravelInformation" time="3.585" classname="com.ghana.app.qa.testcases.ConsulatePageTest"/>
  <testcase name="clickOnBackButtonAndVerifyTitleAddressInformation" time="3.579" classname="com.ghana.app.qa.testcases.ConsulatePageTest"/>
  <testcase name="clickOnBackButtonAndVerifyTitleApplicantInformation" time="3.501" classname="com.ghana.app.qa.testcases.ConsulatePageTest"/>
  <testcase name="clickOnInterviewScheduleAndcancel" time="9.483" classname="com.ghana.app.qa.testcases.ConsulatePageTest"/>
  <testcase name="clickOnInterviewScheduleAndClose" time="9.279" classname="com.ghana.app.qa.testcases.ConsulatePageTest"/>
  <testcase name="passDateAndTimeInFiled" time="10.267" classname="com.ghana.app.qa.testcases.ConsulatePageTest"/>
  <testcase name="getTextFromApplicantInformation" time="0.737" classname="com.ghana.app.qa.testcases.ConsulatePageTest"/>
  <testcase name="getTextFromAddressInformation" time="0.647" classname="com.ghana.app.qa.testcases.ConsulatePageTest"/>
  <testcase name="getTextFromTravelInformation" time="0.838" classname="com.ghana.app.qa.testcases.ConsulatePageTest"/>
=======
  <testcase name="clickOnContinueBtnTest" time="0.112" classname="com.ghana.app.qa.testcases.ConsulatePageTest"/>
  <testcase name="verifyClickOnSubmitBtnTest" time="5.938" classname="com.ghana.app.qa.testcases.ConsulatePageTest"/>
  <testcase name="verifyTitleOfConsulateTitle" time="0.011" classname="com.ghana.app.qa.testcases.ConsulatePageTest"/>
  <testcase name="loginIntoConsulate" time="7.448" classname="com.ghana.app.qa.testcases.ConsulatePageTest"/>
  <testcase name="verfiyTitleOfCNAddressInfoPage" time="0.567" classname="com.ghana.app.qa.testcases.ConsulatePageTest"/>
  <testcase name="clickOnNewApplication" time="1.103" classname="com.ghana.app.qa.testcases.ConsulatePageTest"/>
  <testcase name="verfiyTitleOfCNTravelInfoPage" time="0.515" classname="com.ghana.app.qa.testcases.ConsulatePageTest"/>
  <testcase name="verfiyTitleOfCNDocumentVerificatonPage" time="0.540" classname="com.ghana.app.qa.testcases.ConsulatePageTest"/>
  <testcase name="passComment" time="0.831" classname="com.ghana.app.qa.testcases.ConsulatePageTest"/>
  <testcase name="clickOnConfirmedAirTicketWindowClose" time="6.441" classname="com.ghana.app.qa.testcases.ConsulatePageTest"/>
  <testcase name="clickOnConfirmedAirTicketWindow" time="11.263" classname="com.ghana.app.qa.testcases.ConsulatePageTest"/>
  <testcase name="clickOnOnPhotoClose" time="2.879" classname="com.ghana.app.qa.testcases.ConsulatePageTest"/>
  <testcase name="clickOnOnPhoto" time="7.752" classname="com.ghana.app.qa.testcases.ConsulatePageTest"/>
  <testcase name="clickOnYellowFevervaccinationClose" time="2.915" classname="com.ghana.app.qa.testcases.ConsulatePageTest"/>
  <testcase name="clickOnYellowFevervaccination" time="7.762" classname="com.ghana.app.qa.testcases.ConsulatePageTest"/>
  <testcase name="clickOnCoveringLetterClose" time="2.987" classname="com.ghana.app.qa.testcases.ConsulatePageTest"/>
  <testcase name="clickOnCoveringLetter" time="7.753" classname="com.ghana.app.qa.testcases.ConsulatePageTest"/>
  <testcase name="clickOnPhotoOfDraftClose" time="4.883" classname="com.ghana.app.qa.testcases.ConsulatePageTest"/>
  <testcase name="clickOnPhotoOfDraft" time="9.744" classname="com.ghana.app.qa.testcases.ConsulatePageTest"/>
  <testcase name="clickOnIdProofReferenceClose" time="4.856" classname="com.ghana.app.qa.testcases.ConsulatePageTest"/>
  <testcase name="clickOnIdProofReference" time="9.746" classname="com.ghana.app.qa.testcases.ConsulatePageTest"/>
  <testcase name="clickOnOriginalInvitationLetterClose" time="2.882" classname="com.ghana.app.qa.testcases.ConsulatePageTest"/>
  <testcase name="clickOnOriginalInvitationLetter" time="7.768" classname="com.ghana.app.qa.testcases.ConsulatePageTest"/>
  <testcase name="clickOnProofOfTransitVisaClose" time="2.924" classname="com.ghana.app.qa.testcases.ConsulatePageTest"/>
  <testcase name="clickOnProofOfTransitVisa" time="7.749" classname="com.ghana.app.qa.testcases.ConsulatePageTest"/>
  <testcase name="clickOnApplicantInfor" time="2.583" classname="com.ghana.app.qa.testcases.ConsulatePageTest"/>
  <testcase name="clickOnNextButtonAndVerifyTitleAddressInformation" time="0.583" classname="com.ghana.app.qa.testcases.ConsulatePageTest"/>
  <testcase name="clickOnNextButtonAndVerifyTitleTravelInformation" time="0.558" classname="com.ghana.app.qa.testcases.ConsulatePageTest"/>
  <testcase name="clickOnNextButtonAndVerifyTitleDocumentVerification" time="0.501" classname="com.ghana.app.qa.testcases.ConsulatePageTest"/>
  <testcase name="selectAllCheckBoxAndVerify" time="4.776" classname="com.ghana.app.qa.testcases.ConsulatePageTest"/>
  <testcase name="selectOneByOneCheckBoxAndVerify" time="3.268" classname="com.ghana.app.qa.testcases.ConsulatePageTest"/>
  <testcase name="clickOnApproveAndVerifyPopText" time="0.757" classname="com.ghana.app.qa.testcases.ConsulatePageTest"/>
  <testcase name="clickOnApproveAndVerifyPopText1" time="6.786" classname="com.ghana.app.qa.testcases.ConsulatePageTest"/>
  <testcase name="clickOnRejectAndVerifyPopText" time="3.797" classname="com.ghana.app.qa.testcases.ConsulatePageTest"/>
  <testcase name="clickOnRejectAndVerifyPopText1" time="6.799" classname="com.ghana.app.qa.testcases.ConsulatePageTest"/>
  <testcase name="clickOnBackButtonAndVerifyTitleTravelInformation" time="3.665" classname="com.ghana.app.qa.testcases.ConsulatePageTest"/>
  <testcase name="clickOnBackButtonAndVerifyTitleAddressInformation" time="3.576" classname="com.ghana.app.qa.testcases.ConsulatePageTest"/>
  <testcase name="clickOnBackButtonAndVerifyTitleApplicantInformation" time="3.510" classname="com.ghana.app.qa.testcases.ConsulatePageTest"/>
  <testcase name="clickOnInterviewScheduleAndcancel" time="9.511" classname="com.ghana.app.qa.testcases.ConsulatePageTest"/>
  <testcase name="clickOnInterviewScheduleAndClose" time="9.348" classname="com.ghana.app.qa.testcases.ConsulatePageTest"/>
  <testcase name="passDateAndTimeInFiled" time="10.114" classname="com.ghana.app.qa.testcases.ConsulatePageTest"/>
  <testcase name="getTextFromApplicantInformation" time="0.683" classname="com.ghana.app.qa.testcases.ConsulatePageTest"/>
  <testcase name="getTextFromAddressInformation" time="0.603" classname="com.ghana.app.qa.testcases.ConsulatePageTest"/>
  <testcase name="getTextFromTravelInformation" time="0.717" classname="com.ghana.app.qa.testcases.ConsulatePageTest"/>
>>>>>>> Stashed changes
=======
  <testcase name="clickOnContinueBtnTest" time="0.075" classname="com.ghana.app.qa.testcases.ConsulatePageTest"/>
  <testcase name="verifyClickOnSubmitBtnTest" time="9.518" classname="com.ghana.app.qa.testcases.ConsulatePageTest"/>
  <testcase name="loginIntoConsulate" time="6.800" classname="com.ghana.app.qa.testcases.ConsulatePageTest"/>
  <testcase name="verifyTitleOfConsulateTitle" time="0.025" classname="com.ghana.app.qa.testcases.ConsulatePageTest"/>
  <testcase name="clickOnNewApplicationCN" time="22.436" classname="com.ghana.app.qa.testcases.ConsulatePageTest"/>
  <testcase name="clickOnAddressInforCN" time="0.925" classname="com.ghana.app.qa.testcases.ConsulatePageTest"/>
  <testcase name="verfiyTitleOfCNTravelInfoPageCN" time="1.079" classname="com.ghana.app.qa.testcases.ConsulatePageTest"/>
  <testcase name="verfiyTitleOfCNDocumentVerificatonPageCN" time="0.885" classname="com.ghana.app.qa.testcases.ConsulatePageTest"/>
  <testcase name="clickOnApproveCN" time="3.380" classname="com.ghana.app.qa.testcases.ConsulatePageTest"/>
  <testcase name="verifyApplicaInHCGApplicationBucket" time="17.240" classname="com.ghana.app.qa.testcases.ConsulatePageTest"/>
  <testcase name="verifyApplicationSentOpens" time="1.396" classname="com.ghana.app.qa.testcases.ConsulatePageTest"/>
  <testcase name="verifyCanceAndCrossButton" time="22.292" classname="com.ghana.app.qa.testcases.ConsulatePageTest"/>
>>>>>>> 20f881626fa5033d3b969e0dd56dcfe7cb2f5104
</testsuite> <!-- com.ghana.app.qa.testcases.ConsulatePageTest -->
