<?xml version="1.0" encoding="UTF-8"?>
<!-- Generated by org.testng.reporters.JUnitReportReporter -->
<testsuite skipped="0" hostname="Torenzo" name="com.ghana.app.qa.testcases.ConsulatePageRejectTest" tests="24" failures="0" timestamp="18 May 2019 09:12:47 GMT" time="323.784" errors="2">
  <testcase name="signUpAndPayment" time="47.747" classname="com.ghana.app.qa.testcases.ConsulatePageRejectTest"/>
  <testcase name="loginIntoConsulate" time="7.532" classname="com.ghana.app.qa.testcases.ConsulatePageRejectTest"/>
  <testcase name="verifyTitleOfConsulateTitle" time="0.013" classname="com.ghana.app.qa.testcases.ConsulatePageRejectTest"/>
  <testcase name="verfiyTitleOfCNDocumentVerificatonPageCN" time="9.941" classname="com.ghana.app.qa.testcases.ConsulatePageRejectTest"/>
  <testcase name="clickOnConfirmedAirTicketWindowCloseCN" time="6.411" classname="com.ghana.app.qa.testcases.ConsulatePageRejectTest"/>
  <testcase name="clickOnConfirmedAirTicketWindowCN" time="11.230" classname="com.ghana.app.qa.testcases.ConsulatePageRejectTest"/>
  <testcase name="clickOnOnPhotoCloseCN" time="2.861" classname="com.ghana.app.qa.testcases.ConsulatePageRejectTest"/>
  <testcase name="clickOnOnPhotoCN" time="7.765" classname="com.ghana.app.qa.testcases.ConsulatePageRejectTest"/>
  <testcase name="clickOnYellowFevervaccinationCloseCN" time="3.012" classname="com.ghana.app.qa.testcases.ConsulatePageRejectTest"/>
  <testcase name="clickOnYellowFevervaccinationCN" time="7.738" classname="com.ghana.app.qa.testcases.ConsulatePageRejectTest"/>
  <testcase name="clickOnCoveringLetterCloseCN" time="2.863" classname="com.ghana.app.qa.testcases.ConsulatePageRejectTest"/>
  <testcase name="clickOnCoveringLetterCN" time="7.735" classname="com.ghana.app.qa.testcases.ConsulatePageRejectTest"/>
  <testcase name="clickOnIdProofReferenceCloseCN" time="4.842" classname="com.ghana.app.qa.testcases.ConsulatePageRejectTest"/>
  <testcase name="clickOnIdProofReferenceCN" time="9.740" classname="com.ghana.app.qa.testcases.ConsulatePageRejectTest"/>
  <testcase name="clickOnOriginalInvitationLetterCloseCN" time="62.557" classname="com.ghana.app.qa.testcases.ConsulatePageRejectTest">
    <error type="org.openqa.selenium.TimeoutException" message="Expected condition failed: waiting for visibility of [[ChromeDriver: chrome on XP (6c85cd48cc2d3e7a2a2662d248c0eb84)] -&gt; xpath: //h4[contains(text(),&#039;Original invitation letter&#039;)]] (tried for 60 second(s) with 500 milliseconds interval)
Build info: version: &#039;3.141.59&#039;, revision: &#039;e82be7d358&#039;, time: &#039;2018-11-14T08:17:03&#039;
System info: host: &#039;TORENZO&#039;, ip: &#039;192.168.1.21&#039;, os.name: &#039;Windows 8.1&#039;, os.arch: &#039;amd64&#039;, os.version: &#039;6.3&#039;, java.version: &#039;1.8.0_151&#039;
Driver info: org.openqa.selenium.chrome.ChromeDriver
Capabilities {acceptInsecureCerts: false, acceptSslCerts: false, applicationCacheEnabled: false, browserConnectionEnabled: false, browserName: chrome, chrome: {chromedriverVersion: 74.0.3729.6 (255758eccf3d24..., userDataDir: C:\Users\TEJASH~1\AppData\L...}, cssSelectorsEnabled: true, databaseEnabled: false, goog:chromeOptions: {debuggerAddress: localhost:54022}, handlesAlerts: true, hasTouchScreen: false, javascriptEnabled: true, locationContextEnabled: true, mobileEmulationEnabled: false, nativeEvents: true, networkConnectionEnabled: false, pageLoadStrategy: normal, platform: XP, platformName: XP, proxy: Proxy(), rotatable: false, setWindowRect: true, strictFileInteractability: false, takesHeapSnapshot: true, takesScreenshot: true, timeouts: {implicit: 0, pageLoad: 300000, script: 30000}, unexpectedAlertBehaviour: ignore, unhandledPromptBehavior: ignore, version: 74.0.3729.157, webStorageEnabled: true}
Session ID: 6c85cd48cc2d3e7a2a2662d248c0eb84">
      <![CDATA[org.openqa.selenium.TimeoutException: Expected condition failed: waiting for visibility of [[ChromeDriver: chrome on XP (6c85cd48cc2d3e7a2a2662d248c0eb84)] -> xpath: //h4[contains(text(),'Original invitation letter')]] (tried for 60 second(s) with 500 milliseconds interval)
Build info: version: '3.141.59', revision: 'e82be7d358', time: '2018-11-14T08:17:03'
System info: host: 'TORENZO', ip: '192.168.1.21', os.name: 'Windows 8.1', os.arch: 'amd64', os.version: '6.3', java.version: '1.8.0_151'
Driver info: org.openqa.selenium.chrome.ChromeDriver
Capabilities {acceptInsecureCerts: false, acceptSslCerts: false, applicationCacheEnabled: false, browserConnectionEnabled: false, browserName: chrome, chrome: {chromedriverVersion: 74.0.3729.6 (255758eccf3d24..., userDataDir: C:\Users\TEJASH~1\AppData\L...}, cssSelectorsEnabled: true, databaseEnabled: false, goog:chromeOptions: {debuggerAddress: localhost:54022}, handlesAlerts: true, hasTouchScreen: false, javascriptEnabled: true, locationContextEnabled: true, mobileEmulationEnabled: false, nativeEvents: true, networkConnectionEnabled: false, pageLoadStrategy: normal, platform: XP, platformName: XP, proxy: Proxy(), rotatable: false, setWindowRect: true, strictFileInteractability: false, takesHeapSnapshot: true, takesScreenshot: true, timeouts: {implicit: 0, pageLoad: 300000, script: 30000}, unexpectedAlertBehaviour: ignore, unhandledPromptBehavior: ignore, version: 74.0.3729.157, webStorageEnabled: true}
Session ID: 6c85cd48cc2d3e7a2a2662d248c0eb84
at org.openqa.selenium.support.ui.WebDriverWait.timeoutException(WebDriverWait.java:95)
at org.openqa.selenium.support.ui.FluentWait.until(FluentWait.java:272)
at com.ghana.app.qa.util.TestUtil.waitForElementToVisible(TestUtil.java:151)
at com.ghana.app.qa.pages.CNDocumentVerificaton.titleOfOriginalInvitationLetterWindow(CNDocumentVerificaton.java:267)
at com.ghana.app.qa.testcases.ConsulatePageRejectTest.clickOnOriginalInvitationLetterCloseCN(ConsulatePageRejectTest.java:300)
at sun.reflect.NativeMethodAccessorImpl.invoke0(Native Method)
at sun.reflect.NativeMethodAccessorImpl.invoke(Unknown Source)
at sun.reflect.DelegatingMethodAccessorImpl.invoke(Unknown Source)
at java.lang.reflect.Method.invoke(Unknown Source)
at org.testng.internal.MethodInvocationHelper.invokeMethod(MethodInvocationHelper.java:124)
at org.testng.internal.Invoker.invokeMethod(Invoker.java:580)
at org.testng.internal.Invoker.invokeTestMethod(Invoker.java:716)
at org.testng.internal.Invoker.invokeTestMethods(Invoker.java:988)
at org.testng.internal.TestMethodWorker.invokeTestMethods(TestMethodWorker.java:125)
at org.testng.internal.TestMethodWorker.run(TestMethodWorker.java:109)
at org.testng.TestRunner.privateRun(TestRunner.java:648)
at org.testng.TestRunner.run(TestRunner.java:505)
at org.testng.SuiteRunner.runTest(SuiteRunner.java:455)
at org.testng.SuiteRunner.runSequentially(SuiteRunner.java:450)
at org.testng.SuiteRunner.privateRun(SuiteRunner.java:415)
at org.testng.SuiteRunner.run(SuiteRunner.java:364)
at org.testng.SuiteRunnerWorker.runSuite(SuiteRunnerWorker.java:52)
at org.testng.SuiteRunnerWorker.run(SuiteRunnerWorker.java:84)
at org.testng.TestNG.runSuitesSequentially(TestNG.java:1208)
at org.testng.TestNG.runSuitesLocally(TestNG.java:1137)
at org.testng.TestNG.runSuites(TestNG.java:1049)
at org.testng.TestNG.run(TestNG.java:1017)
at org.testng.remote.AbstractRemoteTestNG.run(AbstractRemoteTestNG.java:114)
at org.testng.remote.RemoteTestNG.initAndRun(RemoteTestNG.java:251)
at org.testng.remote.RemoteTestNG.main(RemoteTestNG.java:77)
]]>
    </error>
  </testcase> <!-- clickOnOriginalInvitationLetterCloseCN -->
  <testcase name="clickOnOriginalInvitationLetterCN" time="62.479" classname="com.ghana.app.qa.testcases.ConsulatePageRejectTest">
    <error type="org.openqa.selenium.TimeoutException" message="Expected condition failed: waiting for visibility of [[ChromeDriver: chrome on XP (6c85cd48cc2d3e7a2a2662d248c0eb84)] -&gt; xpath: //h4[contains(text(),&#039;Original invitation letter&#039;)]] (tried for 60 second(s) with 500 milliseconds interval)
Build info: version: &#039;3.141.59&#039;, revision: &#039;e82be7d358&#039;, time: &#039;2018-11-14T08:17:03&#039;
System info: host: &#039;TORENZO&#039;, ip: &#039;192.168.1.21&#039;, os.name: &#039;Windows 8.1&#039;, os.arch: &#039;amd64&#039;, os.version: &#039;6.3&#039;, java.version: &#039;1.8.0_151&#039;
Driver info: org.openqa.selenium.chrome.ChromeDriver
Capabilities {acceptInsecureCerts: false, acceptSslCerts: false, applicationCacheEnabled: false, browserConnectionEnabled: false, browserName: chrome, chrome: {chromedriverVersion: 74.0.3729.6 (255758eccf3d24..., userDataDir: C:\Users\TEJASH~1\AppData\L...}, cssSelectorsEnabled: true, databaseEnabled: false, goog:chromeOptions: {debuggerAddress: localhost:54022}, handlesAlerts: true, hasTouchScreen: false, javascriptEnabled: true, locationContextEnabled: true, mobileEmulationEnabled: false, nativeEvents: true, networkConnectionEnabled: false, pageLoadStrategy: normal, platform: XP, platformName: XP, proxy: Proxy(), rotatable: false, setWindowRect: true, strictFileInteractability: false, takesHeapSnapshot: true, takesScreenshot: true, timeouts: {implicit: 0, pageLoad: 300000, script: 30000}, unexpectedAlertBehaviour: ignore, unhandledPromptBehavior: ignore, version: 74.0.3729.157, webStorageEnabled: true}
Session ID: 6c85cd48cc2d3e7a2a2662d248c0eb84">
      <![CDATA[org.openqa.selenium.TimeoutException: Expected condition failed: waiting for visibility of [[ChromeDriver: chrome on XP (6c85cd48cc2d3e7a2a2662d248c0eb84)] -> xpath: //h4[contains(text(),'Original invitation letter')]] (tried for 60 second(s) with 500 milliseconds interval)
Build info: version: '3.141.59', revision: 'e82be7d358', time: '2018-11-14T08:17:03'
System info: host: 'TORENZO', ip: '192.168.1.21', os.name: 'Windows 8.1', os.arch: 'amd64', os.version: '6.3', java.version: '1.8.0_151'
Driver info: org.openqa.selenium.chrome.ChromeDriver
Capabilities {acceptInsecureCerts: false, acceptSslCerts: false, applicationCacheEnabled: false, browserConnectionEnabled: false, browserName: chrome, chrome: {chromedriverVersion: 74.0.3729.6 (255758eccf3d24..., userDataDir: C:\Users\TEJASH~1\AppData\L...}, cssSelectorsEnabled: true, databaseEnabled: false, goog:chromeOptions: {debuggerAddress: localhost:54022}, handlesAlerts: true, hasTouchScreen: false, javascriptEnabled: true, locationContextEnabled: true, mobileEmulationEnabled: false, nativeEvents: true, networkConnectionEnabled: false, pageLoadStrategy: normal, platform: XP, platformName: XP, proxy: Proxy(), rotatable: false, setWindowRect: true, strictFileInteractability: false, takesHeapSnapshot: true, takesScreenshot: true, timeouts: {implicit: 0, pageLoad: 300000, script: 30000}, unexpectedAlertBehaviour: ignore, unhandledPromptBehavior: ignore, version: 74.0.3729.157, webStorageEnabled: true}
Session ID: 6c85cd48cc2d3e7a2a2662d248c0eb84
at org.openqa.selenium.support.ui.WebDriverWait.timeoutException(WebDriverWait.java:95)
at org.openqa.selenium.support.ui.FluentWait.until(FluentWait.java:272)
at com.ghana.app.qa.util.TestUtil.waitForElementToVisible(TestUtil.java:151)
at com.ghana.app.qa.pages.CNDocumentVerificaton.titleOfOriginalInvitationLetterWindow(CNDocumentVerificaton.java:267)
at com.ghana.app.qa.testcases.ConsulatePageRejectTest.clickOnOriginalInvitationLetterCN(ConsulatePageRejectTest.java:313)
at sun.reflect.NativeMethodAccessorImpl.invoke0(Native Method)
at sun.reflect.NativeMethodAccessorImpl.invoke(Unknown Source)
at sun.reflect.DelegatingMethodAccessorImpl.invoke(Unknown Source)
at java.lang.reflect.Method.invoke(Unknown Source)
at org.testng.internal.MethodInvocationHelper.invokeMethod(MethodInvocationHelper.java:124)
at org.testng.internal.Invoker.invokeMethod(Invoker.java:580)
at org.testng.internal.Invoker.invokeTestMethod(Invoker.java:716)
at org.testng.internal.Invoker.invokeTestMethods(Invoker.java:988)
at org.testng.internal.TestMethodWorker.invokeTestMethods(TestMethodWorker.java:125)
at org.testng.internal.TestMethodWorker.run(TestMethodWorker.java:109)
at org.testng.TestRunner.privateRun(TestRunner.java:648)
at org.testng.TestRunner.run(TestRunner.java:505)
at org.testng.SuiteRunner.runTest(SuiteRunner.java:455)
at org.testng.SuiteRunner.runSequentially(SuiteRunner.java:450)
at org.testng.SuiteRunner.privateRun(SuiteRunner.java:415)
at org.testng.SuiteRunner.run(SuiteRunner.java:364)
at org.testng.SuiteRunnerWorker.runSuite(SuiteRunnerWorker.java:52)
at org.testng.SuiteRunnerWorker.run(SuiteRunnerWorker.java:84)
at org.testng.TestNG.runSuitesSequentially(TestNG.java:1208)
at org.testng.TestNG.runSuitesLocally(TestNG.java:1137)
at org.testng.TestNG.runSuites(TestNG.java:1049)
at org.testng.TestNG.run(TestNG.java:1017)
at org.testng.remote.AbstractRemoteTestNG.run(AbstractRemoteTestNG.java:114)
at org.testng.remote.RemoteTestNG.initAndRun(RemoteTestNG.java:251)
at org.testng.remote.RemoteTestNG.main(RemoteTestNG.java:77)
]]>
    </error>
  </testcase> <!-- clickOnOriginalInvitationLetterCN -->
  <testcase name="clickOnProofOfTransitVisaCloseCN" time="2.958" classname="com.ghana.app.qa.testcases.ConsulatePageRejectTest"/>
  <testcase name="clickOnProofOfTransitVisaCN" time="7.708" classname="com.ghana.app.qa.testcases.ConsulatePageRejectTest"/>
  <testcase name="clickOnRejectAndVerifyPopTextCN" time="3.808" classname="com.ghana.app.qa.testcases.ConsulatePageRejectTest"/>
  <testcase name="clickOnRejectAndVerifyPopText1CN" time="6.810" classname="com.ghana.app.qa.testcases.ConsulatePageRejectTest"/>
  <testcase name="clickOnRejectAndVerifyPopText2CN" time="4.036" classname="com.ghana.app.qa.testcases.ConsulatePageRejectTest"/>
  <testcase name="verifyApplicaInRejectApplicationBucket" time="20.339" classname="com.ghana.app.qa.testcases.ConsulatePageRejectTest"/>
  <testcase name="verifyApplicationSentToRejectBucketOpens" time="1.261" classname="com.ghana.app.qa.testcases.ConsulatePageRejectTest"/>
  <testcase name="verifyCanceAndCrossButton" time="22.398" classname="com.ghana.app.qa.testcases.ConsulatePageRejectTest"/>
</testsuite> <!-- com.ghana.app.qa.testcases.ConsulatePageRejectTest -->
