<?xml version="1.0" encoding="UTF-8"?>
<!-- Generated by org.testng.reporters.JUnitReportReporter -->
<testsuite skipped="0" hostname="namet5" name="com.ghana.app.qa.testcases.SignUpPageWithNegativePageTest" tests="12" failures="0" timestamp="7 Jun 2019 07:24:28 GMT" time="14.589" errors="7">
  <testcase name="selectVisaType" time="2.256" classname="com.ghana.app.qa.testcases.SignUpPageWithNegativePageTest">
    <error type="java.io.FileNotFoundException" message="E:\VisaProject\GhanaNewVisaApp\src\main\java\com\ghana\app\qa\testdata\GhanaVisaTestData1.xlsx (The system cannot find the path specified)">
      <![CDATA[java.io.FileNotFoundException: E:\VisaProject\GhanaNewVisaApp\src\main\java\com\ghana\app\qa\testdata\GhanaVisaTestData1.xlsx (The system cannot find the path specified)
	at java.io.FileInputStream.open0(Native Method)
	at java.io.FileInputStream.open(Unknown Source)
	at java.io.FileInputStream.<init>(Unknown Source)
	at com.ghana.app.qa.util.TestUtil.readDataFromExcellString(TestUtil.java:213)
	at com.ghana.app.qa.pages.SignUpPage.selectVisaType(SignUpPage.java:199)
	at com.ghana.app.qa.testcases.SignUpPageWithNegativePageTest.selectVisaType(SignUpPageWithNegativePageTest.java:88)
	at sun.reflect.NativeMethodAccessorImpl.invoke0(Native Method)
	at sun.reflect.NativeMethodAccessorImpl.invoke(Unknown Source)
	at sun.reflect.DelegatingMethodAccessorImpl.invoke(Unknown Source)
	at java.lang.reflect.Method.invoke(Unknown Source)
	at org.testng.internal.MethodInvocationHelper.invokeMethod(MethodInvocationHelper.java:100)
	at org.testng.internal.Invoker.invokeMethod(Invoker.java:646)
	at org.testng.internal.Invoker.invokeTestMethod(Invoker.java:811)
	at org.testng.internal.Invoker.invokeTestMethods(Invoker.java:1137)
	at org.testng.internal.TestMethodWorker.invokeTestMethods(TestMethodWorker.java:129)
	at org.testng.internal.TestMethodWorker.run(TestMethodWorker.java:112)
	at org.testng.TestRunner.privateRun(TestRunner.java:749)
	at org.testng.TestRunner.run(TestRunner.java:603)
	at org.testng.SuiteRunner.runTest(SuiteRunner.java:368)
	at org.testng.SuiteRunner.runSequentially(SuiteRunner.java:363)
	at org.testng.SuiteRunner.privateRun(SuiteRunner.java:321)
	at org.testng.SuiteRunner.run(SuiteRunner.java:270)
	at org.testng.SuiteRunnerWorker.runSuite(SuiteRunnerWorker.java:52)
	at org.testng.SuiteRunnerWorker.run(SuiteRunnerWorker.java:86)
	at org.testng.TestNG.runSuitesSequentially(TestNG.java:1284)
	at org.testng.TestNG.runSuitesLocally(TestNG.java:1209)
	at org.testng.TestNG.runSuites(TestNG.java:1124)
	at org.testng.TestNG.run(TestNG.java:1096)
	at org.testng.remote.AbstractRemoteTestNG.run(AbstractRemoteTestNG.java:114)
	at org.testng.remote.RemoteTestNG.initAndRun(RemoteTestNG.java:251)
	at org.testng.remote.RemoteTestNG.main(RemoteTestNG.java:77)
]]>
    </error>
  </testcase> <!-- selectVisaType -->
  <testcase name="passEmailIdTest" time="0.221" classname="com.ghana.app.qa.testcases.SignUpPageWithNegativePageTest"/>
  <testcase name="selectPortOfArrivalTest" time="0.211" classname="com.ghana.app.qa.testcases.SignUpPageWithNegativePageTest">
    <error type="java.io.FileNotFoundException" message="E:\VisaProject\GhanaNewVisaApp\src\main\java\com\ghana\app\qa\testdata\GhanaVisaTestData1.xlsx (The system cannot find the path specified)">
      <![CDATA[java.io.FileNotFoundException: E:\VisaProject\GhanaNewVisaApp\src\main\java\com\ghana\app\qa\testdata\GhanaVisaTestData1.xlsx (The system cannot find the path specified)
	at java.io.FileInputStream.open0(Native Method)
	at java.io.FileInputStream.open(Unknown Source)
	at java.io.FileInputStream.<init>(Unknown Source)
	at com.ghana.app.qa.util.TestUtil.readDataFromExcellString(TestUtil.java:213)
	at com.ghana.app.qa.pages.SignUpPage.selectPortOfArrival(SignUpPage.java:242)
	at com.ghana.app.qa.testcases.SignUpPageWithNegativePageTest.selectPortOfArrivalTest(SignUpPageWithNegativePageTest.java:82)
	at sun.reflect.NativeMethodAccessorImpl.invoke0(Native Method)
	at sun.reflect.NativeMethodAccessorImpl.invoke(Unknown Source)
	at sun.reflect.DelegatingMethodAccessorImpl.invoke(Unknown Source)
	at java.lang.reflect.Method.invoke(Unknown Source)
	at org.testng.internal.MethodInvocationHelper.invokeMethod(MethodInvocationHelper.java:100)
	at org.testng.internal.Invoker.invokeMethod(Invoker.java:646)
	at org.testng.internal.Invoker.invokeTestMethod(Invoker.java:811)
	at org.testng.internal.Invoker.invokeTestMethods(Invoker.java:1137)
	at org.testng.internal.TestMethodWorker.invokeTestMethods(TestMethodWorker.java:129)
	at org.testng.internal.TestMethodWorker.run(TestMethodWorker.java:112)
	at org.testng.TestRunner.privateRun(TestRunner.java:749)
	at org.testng.TestRunner.run(TestRunner.java:603)
	at org.testng.SuiteRunner.runTest(SuiteRunner.java:368)
	at org.testng.SuiteRunner.runSequentially(SuiteRunner.java:363)
	at org.testng.SuiteRunner.privateRun(SuiteRunner.java:321)
	at org.testng.SuiteRunner.run(SuiteRunner.java:270)
	at org.testng.SuiteRunnerWorker.runSuite(SuiteRunnerWorker.java:52)
	at org.testng.SuiteRunnerWorker.run(SuiteRunnerWorker.java:86)
	at org.testng.TestNG.runSuitesSequentially(TestNG.java:1284)
	at org.testng.TestNG.runSuitesLocally(TestNG.java:1209)
	at org.testng.TestNG.runSuites(TestNG.java:1124)
	at org.testng.TestNG.run(TestNG.java:1096)
	at org.testng.remote.AbstractRemoteTestNG.run(AbstractRemoteTestNG.java:114)
	at org.testng.remote.RemoteTestNG.initAndRun(RemoteTestNG.java:251)
	at org.testng.remote.RemoteTestNG.main(RemoteTestNG.java:77)
]]>
    </error>
  </testcase> <!-- selectPortOfArrivalTest -->
  <testcase name="selectVisaLocation" time="0.235" classname="com.ghana.app.qa.testcases.SignUpPageWithNegativePageTest">
    <error type="java.io.FileNotFoundException" message="E:\VisaProject\GhanaNewVisaApp\src\main\java\com\ghana\app\qa\testdata\GhanaVisaTestData1.xlsx (The system cannot find the path specified)">
      <![CDATA[java.io.FileNotFoundException: E:\VisaProject\GhanaNewVisaApp\src\main\java\com\ghana\app\qa\testdata\GhanaVisaTestData1.xlsx (The system cannot find the path specified)
	at java.io.FileInputStream.open0(Native Method)
	at java.io.FileInputStream.open(Unknown Source)
	at java.io.FileInputStream.<init>(Unknown Source)
	at com.ghana.app.qa.util.TestUtil.readDataFromExcellString(TestUtil.java:213)
	at com.ghana.app.qa.pages.SignUpPage.selectVisaLocation(SignUpPage.java:220)
	at com.ghana.app.qa.testcases.SignUpPageWithNegativePageTest.selectVisaLocation(SignUpPageWithNegativePageTest.java:94)
	at sun.reflect.NativeMethodAccessorImpl.invoke0(Native Method)
	at sun.reflect.NativeMethodAccessorImpl.invoke(Unknown Source)
	at sun.reflect.DelegatingMethodAccessorImpl.invoke(Unknown Source)
	at java.lang.reflect.Method.invoke(Unknown Source)
	at org.testng.internal.MethodInvocationHelper.invokeMethod(MethodInvocationHelper.java:100)
	at org.testng.internal.Invoker.invokeMethod(Invoker.java:646)
	at org.testng.internal.Invoker.invokeTestMethod(Invoker.java:811)
	at org.testng.internal.Invoker.invokeTestMethods(Invoker.java:1137)
	at org.testng.internal.TestMethodWorker.invokeTestMethods(TestMethodWorker.java:129)
	at org.testng.internal.TestMethodWorker.run(TestMethodWorker.java:112)
	at org.testng.TestRunner.privateRun(TestRunner.java:749)
	at org.testng.TestRunner.run(TestRunner.java:603)
	at org.testng.SuiteRunner.runTest(SuiteRunner.java:368)
	at org.testng.SuiteRunner.runSequentially(SuiteRunner.java:363)
	at org.testng.SuiteRunner.privateRun(SuiteRunner.java:321)
	at org.testng.SuiteRunner.run(SuiteRunner.java:270)
	at org.testng.SuiteRunnerWorker.runSuite(SuiteRunnerWorker.java:52)
	at org.testng.SuiteRunnerWorker.run(SuiteRunnerWorker.java:86)
	at org.testng.TestNG.runSuitesSequentially(TestNG.java:1284)
	at org.testng.TestNG.runSuitesLocally(TestNG.java:1209)
	at org.testng.TestNG.runSuites(TestNG.java:1124)
	at org.testng.TestNG.run(TestNG.java:1096)
	at org.testng.remote.AbstractRemoteTestNG.run(AbstractRemoteTestNG.java:114)
	at org.testng.remote.RemoteTestNG.initAndRun(RemoteTestNG.java:251)
	at org.testng.remote.RemoteTestNG.main(RemoteTestNG.java:77)
]]>
    </error>
  </testcase> <!-- selectVisaLocation -->
  <testcase name="launchAndGotoSignUP" time="3.702" classname="com.ghana.app.qa.testcases.SignUpPageWithNegativePageTest"/>
  <testcase name="verifyCancelBtnAndNavToCategoryPage" time="0.747" classname="com.ghana.app.qa.testcases.SignUpPageWithNegativePageTest"/>
  <testcase name="verifyCheckboxesAndRadiobutonsClickOnContinue" time="0.275" classname="com.ghana.app.qa.testcases.SignUpPageWithNegativePageTest">
    <error type="java.io.FileNotFoundException" message="E:\VisaProject\GhanaNewVisaApp\src\main\java\com\ghana\app\qa\testdata\GhanaVisaTestData1.xlsx (The system cannot find the path specified)">
      <![CDATA[java.io.FileNotFoundException: E:\VisaProject\GhanaNewVisaApp\src\main\java\com\ghana\app\qa\testdata\GhanaVisaTestData1.xlsx (The system cannot find the path specified)
	at java.io.FileInputStream.open0(Native Method)
	at java.io.FileInputStream.open(Unknown Source)
	at java.io.FileInputStream.<init>(Unknown Source)
	at com.ghana.app.qa.util.TestUtil.readDataFromExcellString(TestUtil.java:213)
	at com.ghana.app.qa.pages.SignUpPage.SelectPassportType(SignUpPage.java:153)
	at com.ghana.app.qa.testcases.SignUpPageWithNegativePageTest.verifyCheckboxesAndRadiobutonsClickOnContinue(SignUpPageWithNegativePageTest.java:46)
	at sun.reflect.NativeMethodAccessorImpl.invoke0(Native Method)
	at sun.reflect.NativeMethodAccessorImpl.invoke(Unknown Source)
	at sun.reflect.DelegatingMethodAccessorImpl.invoke(Unknown Source)
	at java.lang.reflect.Method.invoke(Unknown Source)
	at org.testng.internal.MethodInvocationHelper.invokeMethod(MethodInvocationHelper.java:100)
	at org.testng.internal.Invoker.invokeMethod(Invoker.java:646)
	at org.testng.internal.Invoker.invokeTestMethod(Invoker.java:811)
	at org.testng.internal.Invoker.invokeTestMethods(Invoker.java:1137)
	at org.testng.internal.TestMethodWorker.invokeTestMethods(TestMethodWorker.java:129)
	at org.testng.internal.TestMethodWorker.run(TestMethodWorker.java:112)
	at org.testng.TestRunner.privateRun(TestRunner.java:749)
	at org.testng.TestRunner.run(TestRunner.java:603)
	at org.testng.SuiteRunner.runTest(SuiteRunner.java:368)
	at org.testng.SuiteRunner.runSequentially(SuiteRunner.java:363)
	at org.testng.SuiteRunner.privateRun(SuiteRunner.java:321)
	at org.testng.SuiteRunner.run(SuiteRunner.java:270)
	at org.testng.SuiteRunnerWorker.runSuite(SuiteRunnerWorker.java:52)
	at org.testng.SuiteRunnerWorker.run(SuiteRunnerWorker.java:86)
	at org.testng.TestNG.runSuitesSequentially(TestNG.java:1284)
	at org.testng.TestNG.runSuitesLocally(TestNG.java:1209)
	at org.testng.TestNG.runSuites(TestNG.java:1124)
	at org.testng.TestNG.run(TestNG.java:1096)
	at org.testng.remote.AbstractRemoteTestNG.run(AbstractRemoteTestNG.java:114)
	at org.testng.remote.RemoteTestNG.initAndRun(RemoteTestNG.java:251)
	at org.testng.remote.RemoteTestNG.main(RemoteTestNG.java:77)
]]>
    </error>
  </testcase> <!-- verifyCheckboxesAndRadiobutonsClickOnContinue -->
  <testcase name="passPhoneNoTest" time="2.309" classname="com.ghana.app.qa.testcases.SignUpPageWithNegativePageTest"/>
  <testcase name="selectPassportTypeTest" time="0.226" classname="com.ghana.app.qa.testcases.SignUpPageWithNegativePageTest">
    <error type="java.io.FileNotFoundException" message="E:\VisaProject\GhanaNewVisaApp\src\main\java\com\ghana\app\qa\testdata\GhanaVisaTestData1.xlsx (The system cannot find the path specified)">
      <![CDATA[java.io.FileNotFoundException: E:\VisaProject\GhanaNewVisaApp\src\main\java\com\ghana\app\qa\testdata\GhanaVisaTestData1.xlsx (The system cannot find the path specified)
	at java.io.FileInputStream.open0(Native Method)
	at java.io.FileInputStream.open(Unknown Source)
	at java.io.FileInputStream.<init>(Unknown Source)
	at com.ghana.app.qa.util.TestUtil.readDataFromExcellString(TestUtil.java:213)
	at com.ghana.app.qa.pages.SignUpPage.SelectPassportType(SignUpPage.java:153)
	at com.ghana.app.qa.testcases.SignUpPageWithNegativePageTest.selectPassportTypeTest(SignUpPageWithNegativePageTest.java:69)
	at sun.reflect.NativeMethodAccessorImpl.invoke0(Native Method)
	at sun.reflect.NativeMethodAccessorImpl.invoke(Unknown Source)
	at sun.reflect.DelegatingMethodAccessorImpl.invoke(Unknown Source)
	at java.lang.reflect.Method.invoke(Unknown Source)
	at org.testng.internal.MethodInvocationHelper.invokeMethod(MethodInvocationHelper.java:100)
	at org.testng.internal.Invoker.invokeMethod(Invoker.java:646)
	at org.testng.internal.Invoker.invokeTestMethod(Invoker.java:811)
	at org.testng.internal.Invoker.invokeTestMethods(Invoker.java:1137)
	at org.testng.internal.TestMethodWorker.invokeTestMethods(TestMethodWorker.java:129)
	at org.testng.internal.TestMethodWorker.run(TestMethodWorker.java:112)
	at org.testng.TestRunner.privateRun(TestRunner.java:749)
	at org.testng.TestRunner.run(TestRunner.java:603)
	at org.testng.SuiteRunner.runTest(SuiteRunner.java:368)
	at org.testng.SuiteRunner.runSequentially(SuiteRunner.java:363)
	at org.testng.SuiteRunner.privateRun(SuiteRunner.java:321)
	at org.testng.SuiteRunner.run(SuiteRunner.java:270)
	at org.testng.SuiteRunnerWorker.runSuite(SuiteRunnerWorker.java:52)
	at org.testng.SuiteRunnerWorker.run(SuiteRunnerWorker.java:86)
	at org.testng.TestNG.runSuitesSequentially(TestNG.java:1284)
	at org.testng.TestNG.runSuitesLocally(TestNG.java:1209)
	at org.testng.TestNG.runSuites(TestNG.java:1124)
	at org.testng.TestNG.run(TestNG.java:1096)
	at org.testng.remote.AbstractRemoteTestNG.run(AbstractRemoteTestNG.java:114)
	at org.testng.remote.RemoteTestNG.initAndRun(RemoteTestNG.java:251)
	at org.testng.remote.RemoteTestNG.main(RemoteTestNG.java:77)
]]>
    </error>
  </testcase> <!-- selectPassportTypeTest -->
  <testcase name="sellctAllcheckboxesAnd" time="0.226" classname="com.ghana.app.qa.testcases.SignUpPageWithNegativePageTest">
    <error type="java.io.FileNotFoundException" message="E:\VisaProject\GhanaNewVisaApp\src\main\java\com\ghana\app\qa\testdata\GhanaVisaTestData1.xlsx (The system cannot find the path specified)">
      <![CDATA[java.io.FileNotFoundException: E:\VisaProject\GhanaNewVisaApp\src\main\java\com\ghana\app\qa\testdata\GhanaVisaTestData1.xlsx (The system cannot find the path specified)
	at java.io.FileInputStream.open0(Native Method)
	at java.io.FileInputStream.open(Unknown Source)
	at java.io.FileInputStream.<init>(Unknown Source)
	at com.ghana.app.qa.util.TestUtil.readDataFromExcellString(TestUtil.java:213)
	at com.ghana.app.qa.pages.SignUpPage.SelectPassportType(SignUpPage.java:153)
	at com.ghana.app.qa.testcases.SignUpPageWithNegativePageTest.sellctAllcheckboxesAnd(SignUpPageWithNegativePageTest.java:63)
	at sun.reflect.NativeMethodAccessorImpl.invoke0(Native Method)
	at sun.reflect.NativeMethodAccessorImpl.invoke(Unknown Source)
	at sun.reflect.DelegatingMethodAccessorImpl.invoke(Unknown Source)
	at java.lang.reflect.Method.invoke(Unknown Source)
	at org.testng.internal.MethodInvocationHelper.invokeMethod(MethodInvocationHelper.java:100)
	at org.testng.internal.Invoker.invokeMethod(Invoker.java:646)
	at org.testng.internal.Invoker.invokeTestMethod(Invoker.java:811)
	at org.testng.internal.Invoker.invokeTestMethods(Invoker.java:1137)
	at org.testng.internal.TestMethodWorker.invokeTestMethods(TestMethodWorker.java:129)
	at org.testng.internal.TestMethodWorker.run(TestMethodWorker.java:112)
	at org.testng.TestRunner.privateRun(TestRunner.java:749)
	at org.testng.TestRunner.run(TestRunner.java:603)
	at org.testng.SuiteRunner.runTest(SuiteRunner.java:368)
	at org.testng.SuiteRunner.runSequentially(SuiteRunner.java:363)
	at org.testng.SuiteRunner.privateRun(SuiteRunner.java:321)
	at org.testng.SuiteRunner.run(SuiteRunner.java:270)
	at org.testng.SuiteRunnerWorker.runSuite(SuiteRunnerWorker.java:52)
	at org.testng.SuiteRunnerWorker.run(SuiteRunnerWorker.java:86)
	at org.testng.TestNG.runSuitesSequentially(TestNG.java:1284)
	at org.testng.TestNG.runSuitesLocally(TestNG.java:1209)
	at org.testng.TestNG.runSuites(TestNG.java:1124)
	at org.testng.TestNG.run(TestNG.java:1096)
	at org.testng.remote.AbstractRemoteTestNG.run(AbstractRemoteTestNG.java:114)
	at org.testng.remote.RemoteTestNG.initAndRun(RemoteTestNG.java:251)
	at org.testng.remote.RemoteTestNG.main(RemoteTestNG.java:77)
]]>
    </error>
  </testcase> <!-- sellctAllcheckboxesAnd -->
  <testcase name="passReEmailIdTest" time="0.379" classname="com.ghana.app.qa.testcases.SignUpPageWithNegativePageTest"/>
  <testcase name="selectNationalityTest" time="3.802" classname="com.ghana.app.qa.testcases.SignUpPageWithNegativePageTest">
    <error type="java.io.FileNotFoundException" message="E:\VisaProject\GhanaNewVisaApp\src\main\java\com\ghana\app\qa\testdata\GhanaVisaTestData1.xlsx (The system cannot find the path specified)">
      <![CDATA[java.io.FileNotFoundException: E:\VisaProject\GhanaNewVisaApp\src\main\java\com\ghana\app\qa\testdata\GhanaVisaTestData1.xlsx (The system cannot find the path specified)
	at java.io.FileInputStream.open0(Native Method)
	at java.io.FileInputStream.open(Unknown Source)
	at java.io.FileInputStream.<init>(Unknown Source)
	at com.ghana.app.qa.util.TestUtil.readDataFromExcellString(TestUtil.java:213)
	at com.ghana.app.qa.pages.SignUpPage.selectNationality(SignUpPage.java:175)
	at com.ghana.app.qa.testcases.SignUpPageWithNegativePageTest.selectNationalityTest(SignUpPageWithNegativePageTest.java:75)
	at sun.reflect.NativeMethodAccessorImpl.invoke0(Native Method)
	at sun.reflect.NativeMethodAccessorImpl.invoke(Unknown Source)
	at sun.reflect.DelegatingMethodAccessorImpl.invoke(Unknown Source)
	at java.lang.reflect.Method.invoke(Unknown Source)
	at org.testng.internal.MethodInvocationHelper.invokeMethod(MethodInvocationHelper.java:100)
	at org.testng.internal.Invoker.invokeMethod(Invoker.java:646)
	at org.testng.internal.Invoker.invokeTestMethod(Invoker.java:811)
	at org.testng.internal.Invoker.invokeTestMethods(Invoker.java:1137)
	at org.testng.internal.TestMethodWorker.invokeTestMethods(TestMethodWorker.java:129)
	at org.testng.internal.TestMethodWorker.run(TestMethodWorker.java:112)
	at org.testng.TestRunner.privateRun(TestRunner.java:749)
	at org.testng.TestRunner.run(TestRunner.java:603)
	at org.testng.SuiteRunner.runTest(SuiteRunner.java:368)
	at org.testng.SuiteRunner.runSequentially(SuiteRunner.java:363)
	at org.testng.SuiteRunner.privateRun(SuiteRunner.java:321)
	at org.testng.SuiteRunner.run(SuiteRunner.java:270)
	at org.testng.SuiteRunnerWorker.runSuite(SuiteRunnerWorker.java:52)
	at org.testng.SuiteRunnerWorker.run(SuiteRunnerWorker.java:86)
	at org.testng.TestNG.runSuitesSequentially(TestNG.java:1284)
	at org.testng.TestNG.runSuitesLocally(TestNG.java:1209)
	at org.testng.TestNG.runSuites(TestNG.java:1124)
	at org.testng.TestNG.run(TestNG.java:1096)
	at org.testng.remote.AbstractRemoteTestNG.run(AbstractRemoteTestNG.java:114)
	at org.testng.remote.RemoteTestNG.initAndRun(RemoteTestNG.java:251)
	at org.testng.remote.RemoteTestNG.main(RemoteTestNG.java:77)
]]>
    </error>
  </testcase> <!-- selectNationalityTest -->
</testsuite> <!-- com.ghana.app.qa.testcases.SignUpPageWithNegativePageTest -->
